<?xml version="1.0" encoding="UTF-8"?>
<!-- Generated by org.testng.reporters.JUnitXMLReporter -->
<testsuite hostname="Prohit" ignored="0" name="Default test" tests="5" failures="0" timestamp="2022-08-27T16:54:12 IST" time="13.407" errors="0">
  <testcase name="f" time="0.241" classname="testngpack.DataPrivider"/>
  <testcase name="f" time="0.229" classname="testngpack.DataPrivider"/>
  <testcase name="f" time="0.218" classname="testngpack.DataPrivider"/>
  <testcase name="f" time="0.234" classname="testngpack.DataPrivider"/>
  <testcase name="f" time="0.22" classname="testngpack.DataPrivider"/>
</testsuite> <!-- Default test -->
