<?xml version="1.0" encoding="UTF-8"?>
<!-- Generated by org.testng.reporters.JUnitXMLReporter -->
<testsuite hostname="Prohit" ignored="0" name="Test" tests="4" failures="0" timestamp="2022-08-24T17:26:00 IST" time="14.594" errors="0">
  <testcase name="f" time="4.738" classname="testngpack.Class3"/>
  <testcase name="f" time="3.217" classname="testngpack.Class2"/>
  <testcase name="f" time="3.408" classname="testngpack.Class1"/>
  <testcase name="f" time="3.175" classname="testngpack.Class4"/>
</testsuite> <!-- Test -->
